This file contains any messages produced by compilers while
running configure, to aid debugging if configure makes a mistake.

It was created by FULL-PACKAGE-NAME configure VERSION, which was
generated by GNU Autoconf 2.61.  Invocation command line was

  $ ./configure 

## --------- ##
## Platform. ##
## --------- ##

hostname = momo
uname -m = x86_64
uname -r = 2.6.26-2-xen-amd64
uname -s = Linux
uname -v = #1 SMP Thu Nov 25 06:39:26 UTC 2010

/usr/bin/uname -p = unknown
/bin/uname -X     = unknown

/bin/arch              = unknown
/usr/bin/arch -k       = unknown
/usr/convex/getsysinfo = unknown
/usr/bin/hostinfo      = unknown
/bin/machine           = unknown
/usr/bin/oslevel       = unknown
/bin/universe          = unknown

PATH: /home/amc/bin
PATH: /usr/local/bin
PATH: /usr/bin
PATH: /bin
PATH: /usr/games
PATH: .
PATH: /usr/local/haggle/bin


## ----------- ##
## Core tests. ##
## ----------- ##

configure:1773: checking for a BSD-compatible install
configure:1829: result: /usr/bin/install -c
configure:1840: checking whether build environment is sane
configure:1883: result: yes
configure:1911: checking for a thread-safe mkdir -p
configure:1950: result: /bin/mkdir -p
configure:1963: checking for gawk
configure:1993: result: no
configure:1963: checking for mawk
configure:1979: found /usr/bin/mawk
configure:1990: result: mawk
configure:2001: checking whether make sets $(MAKE)
configure:2022: result: yes
configure:2263: checking for gcc
configure:2279: found /usr/bin/gcc
configure:2290: result: gcc
configure:2528: checking for C compiler version
configure:2535: gcc --version >&5
gcc (Debian 4.3.2-1.1) 4.3.2
Copyright (C) 2008 Free Software Foundation, Inc.
This is free software; see the source for copying conditions.  There is NO
warranty; not even for MERCHANTABILITY or FITNESS FOR A PARTICULAR PURPOSE.

configure:2538: $? = 0
configure:2545: gcc -v >&5
Using built-in specs.
Target: x86_64-linux-gnu
Configured with: ../src/configure -v --with-pkgversion='Debian 4.3.2-1.1' --with-bugurl=file:///usr/share/doc/gcc-4.3/README.Bugs --enable-languages=c,c++,fortran,objc,obj-c++ --prefix=/usr --enable-shared --with-system-zlib --libexecdir=/usr/lib --without-included-gettext --enable-threads=posix --enable-nls --with-gxx-include-dir=/usr/include/c++/4.3 --program-suffix=-4.3 --enable-clocale=gnu --enable-libstdcxx-debug --enable-objc-gc --enable-mpfr --enable-cld --enable-checking=release --build=x86_64-linux-gnu --host=x86_64-linux-gnu --target=x86_64-linux-gnu
Thread model: posix
gcc version 4.3.2 (Debian 4.3.2-1.1) 
configure:2548: $? = 0
configure:2555: gcc -V >&5
gcc: '-V' option must have argument
configure:2558: $? = 1
configure:2581: checking for C compiler default output file name
configure:2608: gcc    conftest.c  >&5
configure:2611: $? = 0
configure:2649: result: a.out
configure:2666: checking whether the C compiler works
configure:2676: ./a.out
configure:2679: $? = 0
configure:2696: result: yes
configure:2703: checking whether we are cross compiling
configure:2705: result: no
configure:2708: checking for suffix of executables
configure:2715: gcc -o conftest    conftest.c  >&5
configure:2718: $? = 0
configure:2742: result: 
configure:2748: checking for suffix of object files
configure:2774: gcc -c   conftest.c >&5
configure:2777: $? = 0
configure:2800: result: o
configure:2804: checking whether we are using the GNU C compiler
configure:2833: gcc -c   conftest.c >&5
configure:2839: $? = 0
configure:2856: result: yes
configure:2861: checking whether gcc accepts -g
configure:2891: gcc -c -g  conftest.c >&5
configure:2897: $? = 0
configure:2996: result: yes
configure:3013: checking for gcc option to accept ISO C89
configure:3087: gcc  -c -g -O2  conftest.c >&5
configure:3093: $? = 0
configure:3116: result: none needed
configure:3145: checking for style of include used by make
configure:3173: result: GNU
configure:3198: checking dependency style of gcc
configure:3289: result: gcc3
configure:3305: checking whether gcc and cc understand -c and -o together
configure:3340: gcc -c conftest.c -o conftest2.o >&5
configure:3343: $? = 0
configure:3349: gcc -c conftest.c -o conftest2.o >&5
configure:3352: $? = 0
configure:3363: cc -c conftest.c >&5
configure:3366: $? = 0
configure:3374: cc -c conftest.c -o conftest2.o >&5
configure:3377: $? = 0
configure:3383: cc -c conftest.c -o conftest2.o >&5
configure:3386: $? = 0
configure:3404: result: yes
configure:3435: checking for main in -lhaggle
configure:3464: gcc -o conftest -g -O2   conftest.c -lhaggle   >&5
/usr/bin/ld: cannot find -lhaggle
collect2: ld returned 1 exit status
configure:3470: $? = 1
configure: failed program was:
| /* confdefs.h.  */
| #define PACKAGE_NAME "FULL-PACKAGE-NAME"
| #define PACKAGE_TARNAME "full-package-name"
| #define PACKAGE_VERSION "VERSION"
| #define PACKAGE_STRING "FULL-PACKAGE-NAME VERSION"
| #define PACKAGE_BUGREPORT "BUG-REPORT-ADDRESS"
| #define PACKAGE "full-package-name"
| #define VERSION "VERSION"
| /* end confdefs.h.  */
| 
| 
| int
| main ()
| {
| return main ();
|   ;
|   return 0;
| }
configure:3488: result: no
configure:3501: checking for main in -lxml2
configure:3530: gcc -o conftest -g -O2   conftest.c -lxml2   >&5
configure:3536: $? = 0
configure:3554: result: yes
configure:3572: checking how to run the C preprocessor
configure:3612: gcc -E  conftest.c
configure:3618: $? = 0
configure:3649: gcc -E  conftest.c
conftest.c:11:28: error: ac_nonexistent.h: No such file or directory
configure:3655: $? = 1
configure: failed program was:
| /* confdefs.h.  */
| #define PACKAGE_NAME "FULL-PACKAGE-NAME"
| #define PACKAGE_TARNAME "full-package-name"
| #define PACKAGE_VERSION "VERSION"
| #define PACKAGE_STRING "FULL-PACKAGE-NAME VERSION"
| #define PACKAGE_BUGREPORT "BUG-REPORT-ADDRESS"
| #define PACKAGE "full-package-name"
| #define VERSION "VERSION"
| #define HAVE_LIBXML2 1
| /* end confdefs.h.  */
| #include <ac_nonexistent.h>
configure:3688: result: gcc -E
configure:3717: gcc -E  conftest.c
configure:3723: $? = 0
configure:3754: gcc -E  conftest.c
conftest.c:11:28: error: ac_nonexistent.h: No such file or directory
configure:3760: $? = 1
configure: failed program was:
| /* confdefs.h.  */
| #define PACKAGE_NAME "FULL-PACKAGE-NAME"
| #define PACKAGE_TARNAME "full-package-name"
| #define PACKAGE_VERSION "VERSION"
| #define PACKAGE_STRING "FULL-PACKAGE-NAME VERSION"
| #define PACKAGE_BUGREPORT "BUG-REPORT-ADDRESS"
| #define PACKAGE "full-package-name"
| #define VERSION "VERSION"
| #define HAVE_LIBXML2 1
| /* end confdefs.h.  */
| #include <ac_nonexistent.h>
configure:3798: checking for grep that handles long lines and -e
configure:3872: result: /bin/grep
configure:3877: checking for egrep
configure:3955: result: /bin/grep -E
configure:3960: checking for ANSI C header files
configure:3990: gcc -c -g -O2  conftest.c >&5
configure:3996: $? = 0
configure:4095: gcc -o conftest -g -O2   conftest.c -lxml2  >&5
configure:4098: $? = 0
configure:4104: ./conftest
configure:4107: $? = 0
configure:4124: result: yes
configure:4148: checking for sys/types.h
configure:4169: gcc -c -g -O2  conftest.c >&5
configure:4175: $? = 0
configure:4191: result: yes
configure:4148: checking for sys/stat.h
configure:4169: gcc -c -g -O2  conftest.c >&5
configure:4175: $? = 0
configure:4191: result: yes
configure:4148: checking for stdlib.h
configure:4169: gcc -c -g -O2  conftest.c >&5
configure:4175: $? = 0
configure:4191: result: yes
configure:4148: checking for string.h
configure:4169: gcc -c -g -O2  conftest.c >&5
configure:4175: $? = 0
configure:4191: result: yes
configure:4148: checking for memory.h
configure:4169: gcc -c -g -O2  conftest.c >&5
configure:4175: $? = 0
configure:4191: result: yes
configure:4148: checking for strings.h
configure:4169: gcc -c -g -O2  conftest.c >&5
configure:4175: $? = 0
configure:4191: result: yes
configure:4148: checking for inttypes.h
configure:4169: gcc -c -g -O2  conftest.c >&5
configure:4175: $? = 0
configure:4191: result: yes
configure:4148: checking for stdint.h
configure:4169: gcc -c -g -O2  conftest.c >&5
configure:4175: $? = 0
configure:4191: result: yes
configure:4148: checking for unistd.h
configure:4169: gcc -c -g -O2  conftest.c >&5
configure:4175: $? = 0
configure:4191: result: yes
configure:4210: checking for stdlib.h
configure:4216: result: yes
configure:4210: checking for string.h
configure:4216: result: yes
configure:4210: checking for unistd.h
configure:4216: result: yes
configure:4352: checking for an ANSI C-conforming const
configure:4427: gcc -c -g -O2  conftest.c >&5
configure:4433: $? = 0
configure:4448: result: yes
configure:4458: checking for inline
configure:4484: gcc -c -g -O2  conftest.c >&5
configure:4490: $? = 0
configure:4508: result: inline
configure:4527: checking for ssize_t
configure:4557: gcc -c -g -O2  conftest.c >&5
configure:4563: $? = 0
configure:4578: result: yes
configure:4590: checking whether time.h and sys/time.h may both be included
configure:4620: gcc -c -g -O2  conftest.c >&5
configure:4626: $? = 0
configure:4641: result: yes
configure:4658: checking for stdlib.h
configure:4664: result: yes
configure:4798: checking for GNU libc compatible malloc
configure:4832: gcc -o conftest -g -O2   conftest.c -lxml2  >&5
configure:4835: $? = 0
configure:4841: ./conftest
configure:4844: $? = 0
configure:4860: result: yes
configure:4904: checking sys/select.h usability
configure:4921: gcc -c -g -O2  conftest.c >&5
configure:4927: $? = 0
configure:4941: result: yes
configure:4945: checking sys/select.h presence
configure:4960: gcc -E  conftest.c
configure:4966: $? = 0
configure:4980: result: yes
configure:5013: checking for sys/select.h
configure:5021: result: yes
configure:4904: checking sys/socket.h usability
configure:4921: gcc -c -g -O2  conftest.c >&5
configure:4927: $? = 0
configure:4941: result: yes
configure:4945: checking sys/socket.h presence
configure:4960: gcc -E  conftest.c
configure:4966: $? = 0
configure:4980: result: yes
configure:5013: checking for sys/socket.h
configure:5021: result: yes
configure:5034: checking types of arguments for select
configure:5072: gcc -c -g -O2  conftest.c >&5
configure:5078: $? = 0
configure:5099: result: int,fd_set *,struct timeval *
configure:5122: checking return type of signal handlers
configure:5150: gcc -c -g -O2  conftest.c >&5
conftest.c: In function 'main':
conftest.c:38: error: void value not ignored as it ought to be
configure:5156: $? = 1
configure: failed program was:
| /* confdefs.h.  */
| #define PACKAGE_NAME "FULL-PACKAGE-NAME"
| #define PACKAGE_TARNAME "full-package-name"
| #define PACKAGE_VERSION "VERSION"
| #define PACKAGE_STRING "FULL-PACKAGE-NAME VERSION"
| #define PACKAGE_BUGREPORT "BUG-REPORT-ADDRESS"
| #define PACKAGE "full-package-name"
| #define VERSION "VERSION"
| #define HAVE_LIBXML2 1
| #define STDC_HEADERS 1
| #define HAVE_SYS_TYPES_H 1
| #define HAVE_SYS_STAT_H 1
| #define HAVE_STDLIB_H 1
| #define HAVE_STRING_H 1
| #define HAVE_MEMORY_H 1
| #define HAVE_STRINGS_H 1
| #define HAVE_INTTYPES_H 1
| #define HAVE_STDINT_H 1
| #define HAVE_UNISTD_H 1
| #define HAVE_STDLIB_H 1
| #define HAVE_STRING_H 1
| #define HAVE_UNISTD_H 1
| #define TIME_WITH_SYS_TIME 1
| #define HAVE_STDLIB_H 1
| #define HAVE_MALLOC 1
| #define HAVE_SYS_SELECT_H 1
| #define HAVE_SYS_SOCKET_H 1
| #define SELECT_TYPE_ARG1 int
| #define SELECT_TYPE_ARG234 (fd_set *)
| #define SELECT_TYPE_ARG5 (struct timeval *)
| /* end confdefs.h.  */
| #include <sys/types.h>
| #include <signal.h>
| 
| int
| main ()
| {
| return *(signal (0, 0)) (0) == 1;
|   ;
|   return 0;
| }
configure:5171: result: void
configure:5187: checking for gethostname
configure:5243: gcc -o conftest -g -O2   conftest.c -lxml2  >&5
configure:5249: $? = 0
configure:5267: result: yes
configure:5187: checking for pow
configure:5243: gcc -o conftest -g -O2   conftest.c -lxml2  >&5
conftest.c:57: warning: conflicting types for built-in function 'pow'
configure:5249: $? = 0
configure:5267: result: yes
configure:5187: checking for select
configure:5243: gcc -o conftest -g -O2   conftest.c -lxml2  >&5
configure:5249: $? = 0
configure:5267: result: yes
configure:5187: checking for sqrt
configure:5243: gcc -o conftest -g -O2   conftest.c -lxml2  >&5
conftest.c:59: warning: conflicting types for built-in function 'sqrt'
configure:5249: $? = 0
configure:5267: result: yes
configure:5187: checking for strtoul
configure:5243: gcc -o conftest -g -O2   conftest.c -lxml2  >&5
configure:5249: $? = 0
configure:5267: result: yes
configure:5394: creating ./config.status

## ---------------------- ##
## Running config.status. ##
## ---------------------- ##

This file was extended by FULL-PACKAGE-NAME config.status VERSION, which was
generated by GNU Autoconf 2.61.  Invocation command line was

  CONFIG_FILES    = 
  CONFIG_HEADERS  = 
  CONFIG_LINKS    = 
  CONFIG_COMMANDS = 
  $ ./config.status 

on momo

config.status:635: creating Makefile
config.status:635: creating config.h
config.status:879: config.h is unchanged
config.status:926: executing depfiles commands

## ---------------- ##
## Cache variables. ##
## ---------------- ##

ac_cv_c_compiler_gnu=yes
ac_cv_c_const=yes
ac_cv_c_inline=inline
ac_cv_env_CC_set=
ac_cv_env_CC_value=
ac_cv_env_CFLAGS_set=
ac_cv_env_CFLAGS_value=
ac_cv_env_CPPFLAGS_set=
ac_cv_env_CPPFLAGS_value=
ac_cv_env_CPP_set=
ac_cv_env_CPP_value=
ac_cv_env_LDFLAGS_set=
ac_cv_env_LDFLAGS_value=
ac_cv_env_LIBS_set=
ac_cv_env_LIBS_value=
ac_cv_env_build_alias_set=
ac_cv_env_build_alias_value=
ac_cv_env_host_alias_set=
ac_cv_env_host_alias_value=
ac_cv_env_target_alias_set=
ac_cv_env_target_alias_value=
ac_cv_func_gethostname=yes
ac_cv_func_malloc_0_nonnull=yes
ac_cv_func_pow=yes
ac_cv_func_select=yes
ac_cv_func_select_args='int,fd_set *,struct timeval *'
ac_cv_func_sqrt=yes
ac_cv_func_strtoul=yes
ac_cv_header_inttypes_h=yes
ac_cv_header_memory_h=yes
ac_cv_header_stdc=yes
ac_cv_header_stdint_h=yes
ac_cv_header_stdlib_h=yes
ac_cv_header_string_h=yes
ac_cv_header_strings_h=yes
ac_cv_header_sys_select_h=yes
ac_cv_header_sys_socket_h=yes
ac_cv_header_sys_stat_h=yes
ac_cv_header_sys_types_h=yes
ac_cv_header_time=yes
ac_cv_header_unistd_h=yes
ac_cv_lib_haggle_main=no
ac_cv_lib_xml2_main=yes
ac_cv_objext=o
ac_cv_path_EGREP='/bin/grep -E'
ac_cv_path_GREP=/bin/grep
ac_cv_path_install='/usr/bin/install -c'
ac_cv_path_mkdir=/bin/mkdir
ac_cv_prog_AWK=mawk
ac_cv_prog_CPP='gcc -E'
ac_cv_prog_ac_ct_CC=gcc
ac_cv_prog_cc_c89=
ac_cv_prog_cc_g=yes
ac_cv_prog_cc_gcc_c_o=yes
ac_cv_prog_make_make_set=yes
ac_cv_type_signal=void
ac_cv_type_ssize_t=yes
am_cv_CC_dependencies_compiler_type=gcc3

## ----------------- ##
## Output variables. ##
## ----------------- ##

ACLOCAL='${SHELL} /home/amc/Desktop/luckMe/missing --run aclocal-1.10'
AMDEPBACKSLASH='\'
AMDEP_FALSE='#'
AMDEP_TRUE=''
AMTAR='${SHELL} /home/amc/Desktop/luckMe/missing --run tar'
AUTOCONF='${SHELL} /home/amc/Desktop/luckMe/missing --run autoconf'
AUTOHEADER='${SHELL} /home/amc/Desktop/luckMe/missing --run autoheader'
AUTOMAKE='${SHELL} /home/amc/Desktop/luckMe/missing --run automake-1.10'
AWK='mawk'
CC='gcc'
CCDEPMODE='depmode=gcc3'
CFLAGS='-g -O2'
CPP='gcc -E'
CPPFLAGS=''
CYGPATH_W='echo'
DEFS='-DHAVE_CONFIG_H'
DEPDIR='.deps'
ECHO_C=''
ECHO_N='-n'
ECHO_T=''
EGREP='/bin/grep -E'
EXEEXT=''
GREP='/bin/grep'
INSTALL_DATA='${INSTALL} -m 644'
INSTALL_PROGRAM='${INSTALL}'
INSTALL_SCRIPT='${INSTALL}'
INSTALL_STRIP_PROGRAM='$(install_sh) -c -s'
LDFLAGS=''
LIBOBJS=''
LIBS='-lxml2 '
LTLIBOBJS=''
MAKEINFO='${SHELL} /home/amc/Desktop/luckMe/missing --run makeinfo'
OBJEXT='o'
PACKAGE='full-package-name'
PACKAGE_BUGREPORT='BUG-REPORT-ADDRESS'
PACKAGE_NAME='FULL-PACKAGE-NAME'
PACKAGE_STRING='FULL-PACKAGE-NAME VERSION'
PACKAGE_TARNAME='full-package-name'
PACKAGE_VERSION='VERSION'
PATH_SEPARATOR=':'
SET_MAKE=''
SHELL='/bin/sh'
STRIP=''
VERSION='VERSION'
ac_ct_CC='gcc'
am__fastdepCC_FALSE='#'
am__fastdepCC_TRUE=''
am__include='include'
am__isrc=''
am__leading_dot='.'
am__quote=''
am__tar='${AMTAR} chof - "$$tardir"'
am__untar='${AMTAR} xf -'
bindir='${exec_prefix}/bin'
build_alias=''
datadir='${datarootdir}'
datarootdir='${prefix}/share'
docdir='${datarootdir}/doc/${PACKAGE_TARNAME}'
dvidir='${docdir}'
exec_prefix='${prefix}'
host_alias=''
htmldir='${docdir}'
includedir='${prefix}/include'
infodir='${datarootdir}/info'
install_sh='$(SHELL) /home/amc/Desktop/luckMe/install-sh'
libdir='${exec_prefix}/lib'
libexecdir='${exec_prefix}/libexec'
localedir='${datarootdir}/locale'
localstatedir='${prefix}/var'
mandir='${datarootdir}/man'
mkdir_p='/bin/mkdir -p'
oldincludedir='/usr/include'
pdfdir='${docdir}'
prefix='/usr/local'
program_transform_name='s,x,x,'
psdir='${docdir}'
sbindir='${exec_prefix}/sbin'
sharedstatedir='${prefix}/com'
sysconfdir='${prefix}/etc'
target_alias=''

## ----------- ##
## confdefs.h. ##
## ----------- ##

#define PACKAGE_NAME "FULL-PACKAGE-NAME"
#define PACKAGE_TARNAME "full-package-name"
#define PACKAGE_VERSION "VERSION"
#define PACKAGE_STRING "FULL-PACKAGE-NAME VERSION"
#define PACKAGE_BUGREPORT "BUG-REPORT-ADDRESS"
#define PACKAGE "full-package-name"
#define VERSION "VERSION"
#define HAVE_LIBXML2 1
#define STDC_HEADERS 1
#define HAVE_SYS_TYPES_H 1
#define HAVE_SYS_STAT_H 1
#define HAVE_STDLIB_H 1
#define HAVE_STRING_H 1
#define HAVE_MEMORY_H 1
#define HAVE_STRINGS_H 1
#define HAVE_INTTYPES_H 1
#define HAVE_STDINT_H 1
#define HAVE_UNISTD_H 1
#define HAVE_STDLIB_H 1
#define HAVE_STRING_H 1
#define HAVE_UNISTD_H 1
#define TIME_WITH_SYS_TIME 1
#define HAVE_STDLIB_H 1
#define HAVE_MALLOC 1
#define HAVE_SYS_SELECT_H 1
#define HAVE_SYS_SOCKET_H 1
#define SELECT_TYPE_ARG1 int
#define SELECT_TYPE_ARG234 (fd_set *)
#define SELECT_TYPE_ARG5 (struct timeval *)
#define RETSIGTYPE void
#define HAVE_GETHOSTNAME 1
#define HAVE_POW 1
#define HAVE_SELECT 1
#define HAVE_SQRT 1
#define HAVE_STRTOUL 1

configure: exit 0

## ---------------------- ##
## Running config.status. ##
## ---------------------- ##

This file was extended by FULL-PACKAGE-NAME config.status VERSION, which was
generated by GNU Autoconf 2.61.  Invocation command line was

  CONFIG_FILES    = 
  CONFIG_HEADERS  = 
  CONFIG_LINKS    = 
  CONFIG_COMMANDS = 
  $ ./config.status Makefile depfiles

on momo

config.status:635: creating Makefile
config.status:926: executing depfiles commands
